<?xml version="1.0" encoding="UTF-8"?>
<!-- Generated by org.testng.reporters.JUnitXMLReporter -->
<testsuite ignored="0" hostname="Mayur" failures="1" tests="6" name="ChromeTest" time="77.442" errors="0" timestamp="2022-10-13T12:28:17 IST">
  <testcase classname="TestClasses.verifyUserCanLogin" name="verifyUserCanLogIn" time="2.694">
    <failure type="java.lang.AssertionError" message="Profile name is not matching expected [MAYU] but found [MAYUR]">
      <![CDATA[java.lang.AssertionError: Profile name is not matching expected [MAYU] but found [MAYUR]
at TestClasses.verifyUserCanLogin.verifyUserCanLogIn(verifyUserCanLogin.java:61)
at java.base/java.util.ArrayList.forEach(ArrayList.java:1511)
... Removed 32 stack frames]]>
    </failure>
  </testcase> <!-- verifyUserCanLogIn -->
  <testcase classname="TestClasses.verifyUserCanGetLowestProductPriceFromEachPage" name="VerifyUserCanSearchProduct" time="1.376"/>
  <testcase classname="TestClasses.verifyUserCanGetLowestProductPriceFromEachPage" name="verifyUserCanGetLowestProductPriceFromEachPages" time="5.448"/>
  <testcase classname="TestClasses.verifyUserCanCreateNewAddress" name="verifyUserCanOpenMyProfilePage" time="0.64"/>
  <testcase classname="TestClasses.verifyUserCanCreateNewAddress" name="verifyUserCanCreateNewAddresses" time="1.383"/>
  <testcase classname="TestClasses.verifyUserCanCreateNewAddress" name="verifyUserCanCreateNewAddresses" time="1.191"/>
</testsuite> <!-- ChromeTest -->
