<?xml version="1.0" encoding="UTF-8"?>
<testng-results ignored="0" total="6" passed="5" failed="1" skipped="0">
  <reporter-output>
    <line>
      <![CDATA[Test Started]]>
    </line>
    <line>
      <![CDATA[Test Failed]]>
    </line>
    <line>
      <![CDATA[Test Started]]>
    </line>
    <line>
      <![CDATA[Test Passed]]>
    </line>
    <line>
      <![CDATA[Test Started]]>
    </line>
    <line>
      <![CDATA[Test Passed]]>
    </line>
    <line>
      <![CDATA[Test Started]]>
    </line>
    <line>
      <![CDATA[Test Passed]]>
    </line>
    <line>
      <![CDATA[Test Started]]>
    </line>
    <line>
      <![CDATA[Test Passed]]>
    </line>
    <line>
      <![CDATA[Test Started]]>
    </line>
    <line>
      <![CDATA[Test Passed]]>
    </line>
  </reporter-output>
  <suite started-at="2022-10-13T12:27:00 IST" name="Suite" finished-at="2022-10-13T12:28:17 IST" duration-ms="77442">
    <groups>
    </groups>
    <test started-at="2022-10-13T12:27:00 IST" name="ChromeTest" finished-at="2022-10-13T12:28:17 IST" duration-ms="77442">
      <class name="TestClasses.verifyUserCanCreateNewAddress">
        <test-method is-config="true" signature="beforeClass(java.lang.String)[pri:0, instance:TestClasses.verifyUserCanCreateNewAddress@54d9d12d]" started-at="2022-10-13T12:28:14 IST" name="beforeClass" finished-at="2022-10-13T12:28:14 IST" duration-ms="1" status="PASS">
          <params>
            <param index="0">
              <value>
                <![CDATA[chrome]]>
              </value>
            </param>
          </params>
          <reporter-output>
          </reporter-output>
        </test-method> <!-- beforeClass -->
        <test-method is-config="true" signature="beforeMethod()[pri:0, instance:TestClasses.verifyUserCanCreateNewAddress@54d9d12d]" started-at="2022-10-13T12:28:14 IST" name="beforeMethod" finished-at="2022-10-13T12:28:14 IST" duration-ms="8" status="PASS">
          <reporter-output>
          </reporter-output>
        </test-method> <!-- beforeMethod -->
        <test-method signature="verifyUserCanOpenMyProfilePage()[pri:1, instance:TestClasses.verifyUserCanCreateNewAddress@54d9d12d]" started-at="2022-10-13T12:28:14 IST" name="verifyUserCanOpenMyProfilePage" finished-at="2022-10-13T12:28:14 IST" duration-ms="640" status="PASS">
          <reporter-output>
            <line>
              <![CDATA[Test Started]]>
            </line>
            <line>
              <![CDATA[Test Passed]]>
            </line>
          </reporter-output>
        </test-method> <!-- verifyUserCanOpenMyProfilePage -->
        <test-method is-config="true" signature="afterMethod(org.testng.ITestResult)[pri:0, instance:TestClasses.verifyUserCanCreateNewAddress@54d9d12d]" started-at="2022-10-13T12:28:14 IST" name="afterMethod" finished-at="2022-10-13T12:28:14 IST" duration-ms="1" status="PASS">
          <params>
            <param index="0">
              <value>
                <![CDATA[[TestResult name=verifyUserCanOpenMyProfilePage status=SUCCESS method=verifyUserCanCreateNewAddress.verifyUserCanOpenMyProfilePage()[pri:1, instance:TestClasses.verifyUserCanCreateNewAddress@54d9d12d] output=Test Started]]]>
              </value>
            </param>
          </params>
          <reporter-output>
          </reporter-output>
        </test-method> <!-- afterMethod -->
        <test-method is-config="true" signature="beforeMethod()[pri:0, instance:TestClasses.verifyUserCanCreateNewAddress@54d9d12d]" started-at="2022-10-13T12:28:14 IST" name="beforeMethod" finished-at="2022-10-13T12:28:14 IST" duration-ms="2" status="PASS">
          <reporter-output>
          </reporter-output>
        </test-method> <!-- beforeMethod -->
        <test-method signature="verifyUserCanCreateNewAddresses(java.lang.String,java.lang.String,java.lang.String,java.lang.String,java.lang.String)[pri:2, instance:TestClasses.verifyUserCanCreateNewAddress@54d9d12d]" started-at="2022-10-13T12:28:14 IST" name="verifyUserCanCreateNewAddresses" data-provider="Address" finished-at="2022-10-13T12:28:16 IST" duration-ms="1383" status="PASS">
          <params>
            <param index="0">
              <value>
                <![CDATA[Mayur]]>
              </value>
            </param>
            <param index="1">
              <value>
                <![CDATA[9921220034]]>
              </value>
            </param>
            <param index="2">
              <value>
                <![CDATA[423601]]>
              </value>
            </param>
            <param index="3">
              <value>
                <![CDATA[Takli Road]]>
              </value>
            </param>
            <param index="4">
              <value>
                <![CDATA[Om Nagar]]>
              </value>
            </param>
          </params>
          <reporter-output>
            <line>
              <![CDATA[Test Started]]>
            </line>
            <line>
              <![CDATA[Test Passed]]>
            </line>
          </reporter-output>
        </test-method> <!-- verifyUserCanCreateNewAddresses -->
        <test-method is-config="true" signature="afterMethod(org.testng.ITestResult)[pri:0, instance:TestClasses.verifyUserCanCreateNewAddress@54d9d12d]" started-at="2022-10-13T12:28:16 IST" name="afterMethod" finished-at="2022-10-13T12:28:16 IST" duration-ms="0" status="PASS">
          <params>
            <param index="0">
              <value>
                <![CDATA[[TestResult name=verifyUserCanCreateNewAddresses status=SUCCESS method=verifyUserCanCreateNewAddress.verifyUserCanCreateNewAddresses(java.lang.String,java.lang.String,java.lang.String,java.lang.String,java.lang.String)[pri:2, instance:TestClasses.verifyUserCanCreateNewAddress@54d9d12d] output=Test Started]]]>
              </value>
            </param>
          </params>
          <reporter-output>
          </reporter-output>
        </test-method> <!-- afterMethod -->
        <test-method is-config="true" signature="beforeMethod()[pri:0, instance:TestClasses.verifyUserCanCreateNewAddress@54d9d12d]" started-at="2022-10-13T12:28:16 IST" name="beforeMethod" finished-at="2022-10-13T12:28:16 IST" duration-ms="1" status="PASS">
          <reporter-output>
          </reporter-output>
        </test-method> <!-- beforeMethod -->
        <test-method signature="verifyUserCanCreateNewAddresses(java.lang.String,java.lang.String,java.lang.String,java.lang.String,java.lang.String)[pri:2, instance:TestClasses.verifyUserCanCreateNewAddress@54d9d12d]" started-at="2022-10-13T12:28:16 IST" name="verifyUserCanCreateNewAddresses" data-provider="Address" finished-at="2022-10-13T12:28:17 IST" duration-ms="1191" status="PASS">
          <params>
            <param index="0">
              <value>
                <![CDATA[Tejas]]>
              </value>
            </param>
            <param index="1">
              <value>
                <![CDATA[7020637361]]>
              </value>
            </param>
            <param index="2">
              <value>
                <![CDATA[423601]]>
              </value>
            </param>
            <param index="3">
              <value>
                <![CDATA[Shinde Nagar]]>
              </value>
            </param>
            <param index="4">
              <value>
                <![CDATA[Lodha Mangal Karyalaya]]>
              </value>
            </param>
          </params>
          <reporter-output>
            <line>
              <![CDATA[Test Started]]>
            </line>
            <line>
              <![CDATA[Test Passed]]>
            </line>
          </reporter-output>
        </test-method> <!-- verifyUserCanCreateNewAddresses -->
        <test-method is-config="true" signature="afterMethod(org.testng.ITestResult)[pri:0, instance:TestClasses.verifyUserCanCreateNewAddress@54d9d12d]" started-at="2022-10-13T12:28:17 IST" name="afterMethod" finished-at="2022-10-13T12:28:17 IST" duration-ms="1" status="PASS">
          <params>
            <param index="0">
              <value>
                <![CDATA[[TestResult name=verifyUserCanCreateNewAddresses status=SUCCESS method=verifyUserCanCreateNewAddress.verifyUserCanCreateNewAddresses(java.lang.String,java.lang.String,java.lang.String,java.lang.String,java.lang.String)[pri:2, instance:TestClasses.verifyUserCanCreateNewAddress@54d9d12d] output=Test Started]]]>
              </value>
            </param>
          </params>
          <reporter-output>
          </reporter-output>
        </test-method> <!-- afterMethod -->
        <test-method is-config="true" signature="afterClass()[pri:0, instance:TestClasses.verifyUserCanCreateNewAddress@54d9d12d]" started-at="2022-10-13T12:28:17 IST" name="afterClass" finished-at="2022-10-13T12:28:17 IST" duration-ms="116" status="PASS">
          <reporter-output>
          </reporter-output>
        </test-method> <!-- afterClass -->
      </class> <!-- TestClasses.verifyUserCanCreateNewAddress -->
      <class name="TestClasses.verifyUserCanGetLowestProductPriceFromEachPage">
        <test-method is-config="true" signature="beforeClass(java.lang.String)[pri:0, instance:TestClasses.verifyUserCanGetLowestProductPriceFromEachPage@3c41ed1d]" started-at="2022-10-13T12:28:07 IST" name="beforeClass" finished-at="2022-10-13T12:28:07 IST" duration-ms="1" status="PASS">
          <params>
            <param index="0">
              <value>
                <![CDATA[chrome]]>
              </value>
            </param>
          </params>
          <reporter-output>
          </reporter-output>
        </test-method> <!-- beforeClass -->
        <test-method is-config="true" signature="beforeMethod()[pri:0, instance:TestClasses.verifyUserCanGetLowestProductPriceFromEachPage@3c41ed1d]" started-at="2022-10-13T12:28:07 IST" name="beforeMethod" finished-at="2022-10-13T12:28:07 IST" duration-ms="2" status="PASS">
          <reporter-output>
          </reporter-output>
        </test-method> <!-- beforeMethod -->
        <test-method signature="VerifyUserCanSearchProduct()[pri:1, instance:TestClasses.verifyUserCanGetLowestProductPriceFromEachPage@3c41ed1d]" started-at="2022-10-13T12:28:07 IST" name="VerifyUserCanSearchProduct" finished-at="2022-10-13T12:28:08 IST" duration-ms="1376" status="PASS">
          <reporter-output>
            <line>
              <![CDATA[Test Started]]>
            </line>
            <line>
              <![CDATA[Test Passed]]>
            </line>
          </reporter-output>
        </test-method> <!-- VerifyUserCanSearchProduct -->
        <test-method is-config="true" signature="afterMethod(org.testng.ITestResult)[pri:0, instance:TestClasses.verifyUserCanGetLowestProductPriceFromEachPage@3c41ed1d]" started-at="2022-10-13T12:28:08 IST" name="afterMethod" finished-at="2022-10-13T12:28:08 IST" duration-ms="1" status="PASS">
          <params>
            <param index="0">
              <value>
                <![CDATA[[TestResult name=VerifyUserCanSearchProduct status=SUCCESS method=verifyUserCanGetLowestProductPriceFromEachPage.VerifyUserCanSearchProduct()[pri:1, instance:TestClasses.verifyUserCanGetLowestProductPriceFromEachPage@3c41ed1d] output=Test Started]]]>
              </value>
            </param>
          </params>
          <reporter-output>
          </reporter-output>
        </test-method> <!-- afterMethod -->
        <test-method is-config="true" signature="beforeMethod()[pri:0, instance:TestClasses.verifyUserCanGetLowestProductPriceFromEachPage@3c41ed1d]" started-at="2022-10-13T12:28:08 IST" name="beforeMethod" finished-at="2022-10-13T12:28:08 IST" duration-ms="1" status="PASS">
          <reporter-output>
          </reporter-output>
        </test-method> <!-- beforeMethod -->
        <test-method signature="verifyUserCanGetLowestProductPriceFromEachPages()[pri:2, instance:TestClasses.verifyUserCanGetLowestProductPriceFromEachPage@3c41ed1d]" started-at="2022-10-13T12:28:08 IST" name="verifyUserCanGetLowestProductPriceFromEachPages" finished-at="2022-10-13T12:28:13 IST" duration-ms="5448" status="PASS">
          <reporter-output>
            <line>
              <![CDATA[Test Started]]>
            </line>
            <line>
              <![CDATA[Test Passed]]>
            </line>
          </reporter-output>
        </test-method> <!-- verifyUserCanGetLowestProductPriceFromEachPages -->
        <test-method is-config="true" signature="afterMethod(org.testng.ITestResult)[pri:0, instance:TestClasses.verifyUserCanGetLowestProductPriceFromEachPage@3c41ed1d]" started-at="2022-10-13T12:28:13 IST" name="afterMethod" finished-at="2022-10-13T12:28:13 IST" duration-ms="1" status="PASS">
          <params>
            <param index="0">
              <value>
                <![CDATA[[TestResult name=verifyUserCanGetLowestProductPriceFromEachPages status=SUCCESS method=verifyUserCanGetLowestProductPriceFromEachPage.verifyUserCanGetLowestProductPriceFromEachPages()[pri:2, instance:TestClasses.verifyUserCanGetLowestProductPriceFromEachPage@3c41ed1d] output=Test Started]]]>
              </value>
            </param>
          </params>
          <reporter-output>
          </reporter-output>
        </test-method> <!-- afterMethod -->
        <test-method is-config="true" signature="afterClass()[pri:0, instance:TestClasses.verifyUserCanGetLowestProductPriceFromEachPage@3c41ed1d]" started-at="2022-10-13T12:28:13 IST" name="afterClass" finished-at="2022-10-13T12:28:14 IST" duration-ms="138" status="PASS">
          <reporter-output>
          </reporter-output>
        </test-method> <!-- afterClass -->
      </class> <!-- TestClasses.verifyUserCanGetLowestProductPriceFromEachPage -->
      <class name="TestClasses.verifyUserCanLogin">
        <test-method is-config="true" signature="beforeClass(java.lang.String)[pri:0, instance:TestClasses.verifyUserCanLogin@6c6cb480]" started-at="2022-10-13T12:27:00 IST" name="beforeClass" finished-at="2022-10-13T12:28:03 IST" duration-ms="63360" status="PASS">
          <params>
            <param index="0">
              <value>
                <![CDATA[chrome]]>
              </value>
            </param>
          </params>
          <reporter-output>
          </reporter-output>
        </test-method> <!-- beforeClass -->
        <test-method is-config="true" signature="beforeMethod()[pri:0, instance:TestClasses.verifyUserCanLogin@6c6cb480]" started-at="2022-10-13T12:28:03 IST" name="beforeMethod" finished-at="2022-10-13T12:28:03 IST" duration-ms="93" status="PASS">
          <reporter-output>
          </reporter-output>
        </test-method> <!-- beforeMethod -->
        <test-method signature="verifyUserCanLogIn()[pri:0, instance:TestClasses.verifyUserCanLogin@6c6cb480]" started-at="2022-10-13T12:28:03 IST" name="verifyUserCanLogIn" finished-at="2022-10-13T12:28:06 IST" duration-ms="2694" status="FAIL">
          <exception class="java.lang.AssertionError">
            <message>
              <![CDATA[Profile name is not matching expected [MAYU] but found [MAYUR]]]>
            </message>
            <full-stacktrace>
              <![CDATA[java.lang.AssertionError: Profile name is not matching expected [MAYU] but found [MAYUR]
at org.testng.Assert.fail(Assert.java:110)
at org.testng.Assert.failNotEquals(Assert.java:1413)
at org.testng.Assert.assertEqualsImpl(Assert.java:149)
at org.testng.Assert.assertEquals(Assert.java:131)
at org.testng.Assert.assertEquals(Assert.java:655)
at TestClasses.verifyUserCanLogin.verifyUserCanLogIn(verifyUserCanLogin.java:61)
at java.base/jdk.internal.reflect.NativeMethodAccessorImpl.invoke0(Native Method)
at java.base/jdk.internal.reflect.NativeMethodAccessorImpl.invoke(NativeMethodAccessorImpl.java:77)
at java.base/jdk.internal.reflect.DelegatingMethodAccessorImpl.invoke(DelegatingMethodAccessorImpl.java:43)
at java.base/java.lang.reflect.Method.invoke(Method.java:568)
at org.testng.internal.invokers.MethodInvocationHelper.invokeMethod(MethodInvocationHelper.java:139)
at org.testng.internal.invokers.TestInvoker.invokeMethod(TestInvoker.java:677)
at org.testng.internal.invokers.TestInvoker.invokeTestMethod(TestInvoker.java:221)
at org.testng.internal.invokers.MethodRunner.runInSequence(MethodRunner.java:50)
at org.testng.internal.invokers.TestInvoker$MethodInvocationAgent.invoke(TestInvoker.java:962)
at org.testng.internal.invokers.TestInvoker.invokeTestMethods(TestInvoker.java:194)
at org.testng.internal.invokers.TestMethodWorker.invokeTestMethods(TestMethodWorker.java:148)
at org.testng.internal.invokers.TestMethodWorker.run(TestMethodWorker.java:128)
at java.base/java.util.ArrayList.forEach(ArrayList.java:1511)
at org.testng.TestRunner.privateRun(TestRunner.java:806)
at org.testng.TestRunner.run(TestRunner.java:601)
at org.testng.SuiteRunner.runTest(SuiteRunner.java:433)
at org.testng.SuiteRunner.runSequentially(SuiteRunner.java:427)
at org.testng.SuiteRunner.privateRun(SuiteRunner.java:387)
at org.testng.SuiteRunner.run(SuiteRunner.java:330)
at org.testng.SuiteRunnerWorker.runSuite(SuiteRunnerWorker.java:52)
at org.testng.SuiteRunnerWorker.run(SuiteRunnerWorker.java:95)
at org.testng.TestNG.runSuitesSequentially(TestNG.java:1256)
at org.testng.TestNG.runSuitesLocally(TestNG.java:1176)
at org.testng.TestNG.runSuites(TestNG.java:1099)
at org.testng.TestNG.run(TestNG.java:1067)
at org.testng.remote.AbstractRemoteTestNG.run(AbstractRemoteTestNG.java:115)
at org.testng.remote.RemoteTestNG.initAndRun(RemoteTestNG.java:251)
at org.testng.remote.RemoteTestNG.main(RemoteTestNG.java:77)
]]>
            </full-stacktrace>
          </exception> <!-- java.lang.AssertionError -->
          <reporter-output>
            <line>
              <![CDATA[Test Started]]>
            </line>
            <line>
              <![CDATA[Test Failed]]>
            </line>
          </reporter-output>
        </test-method> <!-- verifyUserCanLogIn -->
        <test-method is-config="true" signature="afterMethod(org.testng.ITestResult)[pri:0, instance:TestClasses.verifyUserCanLogin@6c6cb480]" started-at="2022-10-13T12:28:06 IST" name="afterMethod" finished-at="2022-10-13T12:28:06 IST" duration-ms="492" status="PASS">
          <params>
            <param index="0">
              <value>
                <![CDATA[[TestResult name=verifyUserCanLogIn status=FAILURE method=verifyUserCanLogin.verifyUserCanLogIn()[pri:0, instance:TestClasses.verifyUserCanLogin@6c6cb480] output=Test Started]]]>
              </value>
            </param>
          </params>
          <reporter-output>
          </reporter-output>
        </test-method> <!-- afterMethod -->
        <test-method is-config="true" signature="afterClass()[pri:0, instance:TestClasses.verifyUserCanLogin@6c6cb480]" started-at="2022-10-13T12:28:06 IST" name="afterClass" finished-at="2022-10-13T12:28:07 IST" duration-ms="376" status="PASS">
          <reporter-output>
          </reporter-output>
        </test-method> <!-- afterClass -->
      </class> <!-- TestClasses.verifyUserCanLogin -->
    </test> <!-- ChromeTest -->
  </suite> <!-- Suite -->
</testng-results>
